107.10.20 10:32 A D:\Life\Buddha\Web_Pages\newrain\2007_0926_Rain_suspended\support\Dhamma-Rain\Suspended-Files\pali-tipitaka-f1\2-Majjhimanikaya\c-Majjhima.doc --> www.dhammarain.org.tw /canon/pali-tipitaka-f1/2-Majjhimanikaya/ c-Majjhima.doc
107.10.20 10:34 A D:\Life\Buddha\Web_Pages\newrain\2007_0926_Rain_suspended\support\Dhamma-Rain\Suspended-Files\pali-tipitaka-f1\2-Majjhimanikaya\M--1-Mulapannasa-tika.doc --> www.dhammarain.org.tw /canon/pali-tipitaka-f1/2-Majjhimanikaya/ M--1-Mulapannasa-tika.doc
107.10.20 10:34 A D:\Life\Buddha\Web_Pages\newrain\2007_0926_Rain_suspended\support\Dhamma-Rain\Suspended-Files\pali-tipitaka-f1\2-Majjhimanikaya\M--2-Majjhimapannasa-tika.doc --> www.dhammarain.org.tw /canon/pali-tipitaka-f1/2-Majjhimanikaya/ M--2-Majjhimapannasa-tika.doc
107.10.20 10:34 A D:\Life\Buddha\Web_Pages\newrain\2007_0926_Rain_suspended\support\Dhamma-Rain\Suspended-Files\pali-tipitaka-f1\2-Majjhimanikaya\M--3-Uparipannasa-tika.doc --> www.dhammarain.org.tw /canon/pali-tipitaka-f1/2-Majjhimanikaya/ M--3-Uparipannasa-tika.doc
107.10.20 10:35 A D:\Life\Buddha\Web_Pages\newrain\2007_0926_Rain_suspended\support\Dhamma-Rain\Suspended-Files\pali-tipitaka-f1\2-Majjhimanikaya\M-1-Mulapannasa-atthakatha.doc --> www.dhammarain.org.tw /canon/pali-tipitaka-f1/2-Majjhimanikaya/ M-1-Mulapannasa-atthakatha.doc
107.10.20 10:36 A D:\Life\Buddha\Web_Pages\newrain\2007_0926_Rain_suspended\support\Dhamma-Rain\Suspended-Files\pali-tipitaka-f1\2-Majjhimanikaya\M-1-Mulapannasa.doc --> www.dhammarain.org.tw /canon/pali-tipitaka-f1/2-Majjhimanikaya/ M-1-Mulapannasa.doc
107.10.20 10:37 A D:\Life\Buddha\Web_Pages\newrain\2007_0926_Rain_suspended\support\Dhamma-Rain\Suspended-Files\pali-tipitaka-f1\2-Majjhimanikaya\M-2-Majjhimapanna.doc --> www.dhammarain.org.tw /canon/pali-tipitaka-f1/2-Majjhimanikaya/ M-2-Majjhimapanna.doc
107.10.20 10:38 A D:\Life\Buddha\Web_Pages\newrain\2007_0926_Rain_suspended\support\Dhamma-Rain\Suspended-Files\pali-tipitaka-f1\2-Majjhimanikaya\M-2-Majjhimapannasa-atthakatha.doc --> www.dhammarain.org.tw /canon/pali-tipitaka-f1/2-Majjhimanikaya/ M-2-Majjhimapannasa-atthakatha.doc
107.10.20 10:38 A D:\Life\Buddha\Web_Pages\newrain\2007_0926_Rain_suspended\support\Dhamma-Rain\Suspended-Files\pali-tipitaka-f1\2-Majjhimanikaya\M-3-Uparipannasa-atthakatha.doc --> www.dhammarain.org.tw /canon/pali-tipitaka-f1/2-Majjhimanikaya/ M-3-Uparipannasa-atthakatha.doc
107.10.20 10:39 A D:\Life\Buddha\Web_Pages\newrain\2007_0926_Rain_suspended\support\Dhamma-Rain\Suspended-Files\pali-tipitaka-f1\2-Majjhimanikaya\M-3-Uparipannasa.doc --> www.dhammarain.org.tw /canon/pali-tipitaka-f1/2-Majjhimanikaya/ M-3-Uparipannasa.doc
107.10.20 10:39 A D:\Life\Buddha\Web_Pages\newrain\2007_0926_Rain_suspended\support\Dhamma-Rain\Suspended-Files\pali-tipitaka-f1\2-Majjhimanikaya\M-A-table.doc --> www.dhammarain.org.tw /canon/pali-tipitaka-f1/2-Majjhimanikaya/ M-A-table.doc
107.10.20 10:39 A D:\Life\Buddha\Web_Pages\newrain\2007_0926_Rain_suspended\support\Dhamma-Rain\Suspended-Files\pali-tipitaka-f1\2-Majjhimanikaya\M-vs-M.doc --> www.dhammarain.org.tw /canon/pali-tipitaka-f1/2-Majjhimanikaya/ M-vs-M.doc
107.10.20 10:41 A D:\Life\Buddha\Web_Pages\newrain\2007_0926_Rain_suspended\support\Dhamma-Rain\Suspended-Files\pali-tipitaka-f1\2-Majjhimanikaya\Majjhima-PTS.doc --> www.dhammarain.org.tw /canon/pali-tipitaka-f1/2-Majjhimanikaya/ Majjhima-PTS.doc
107.10.20 10:43 A D:\Life\Buddha\Web_Pages\newrain\2007_0926_Rain_suspended\support\Dhamma-Rain\Suspended-Files\pali-tipitaka-f1\2-Majjhimanikaya\Majjhimanikaya-atthakatha.doc --> www.dhammarain.org.tw /canon/pali-tipitaka-f1/2-Majjhimanikaya/ Majjhimanikaya-atthakatha.doc
107.10.20 10:45 A D:\Life\Buddha\Web_Pages\newrain\2007_0926_Rain_suspended\support\Dhamma-Rain\Suspended-Files\pali-tipitaka-f1\2-Majjhimanikaya\Majjhimanikaya-tika.doc --> www.dhammarain.org.tw /canon/pali-tipitaka-f1/2-Majjhimanikaya/ Majjhimanikaya-tika.doc
107.10.20 10:47 A D:\Life\Buddha\Web_Pages\newrain\2007_0926_Rain_suspended\support\Dhamma-Rain\Suspended-Files\pali-tipitaka-f1\2-Majjhimanikaya\Majjhimanikayo.doc --> www.dhammarain.org.tw /canon/pali-tipitaka-f1/2-Majjhimanikaya/ Majjhimanikayo.doc
107.10.20 10:49 B D:\Life\Buddha\Web_Pages\newrain\2007_0926_Rain_suspended\support\Dhamma-Rain\Suspended-Files\pali-tipitaka-f1\2-Majjhimanikaya\c-Majjhima.doc --> www.dhammarain.org.tw /canon/pali-tipitaka-f1/2-Majjhimanikaya/ c-Majjhima.doc
107.10.20 10:50 B D:\Life\Buddha\Web_Pages\newrain\2007_0926_Rain_suspended\support\Dhamma-Rain\Suspended-Files\pali-tipitaka-f1\2-Majjhimanikaya\M--1-Mulapannasa-tika.doc --> www.dhammarain.org.tw /canon/pali-tipitaka-f1/2-Majjhimanikaya/ M--1-Mulapannasa-tika.doc
107.10.20 10:51 B D:\Life\Buddha\Web_Pages\newrain\2007_0926_Rain_suspended\support\Dhamma-Rain\Suspended-Files\pali-tipitaka-f1\2-Majjhimanikaya\M--2-Majjhimapannasa-tika.doc --> www.dhammarain.org.tw /canon/pali-tipitaka-f1/2-Majjhimanikaya/ M--2-Majjhimapannasa-tika.doc
107.10.20 10:51 B D:\Life\Buddha\Web_Pages\newrain\2007_0926_Rain_suspended\support\Dhamma-Rain\Suspended-Files\pali-tipitaka-f1\2-Majjhimanikaya\M--3-Uparipannasa-tika.doc --> www.dhammarain.org.tw /canon/pali-tipitaka-f1/2-Majjhimanikaya/ M--3-Uparipannasa-tika.doc
107.10.20 10:52 B D:\Life\Buddha\Web_Pages\newrain\2007_0926_Rain_suspended\support\Dhamma-Rain\Suspended-Files\pali-tipitaka-f1\2-Majjhimanikaya\M-1-Mulapannasa-atthakatha.doc --> www.dhammarain.org.tw /canon/pali-tipitaka-f1/2-Majjhimanikaya/ M-1-Mulapannasa-atthakatha.doc
107.10.20 10:52 B D:\Life\Buddha\Web_Pages\newrain\2007_0926_Rain_suspended\support\Dhamma-Rain\Suspended-Files\pali-tipitaka-f1\2-Majjhimanikaya\M-1-Mulapannasa.doc --> www.dhammarain.org.tw /canon/pali-tipitaka-f1/2-Majjhimanikaya/ M-1-Mulapannasa.doc
107.10.20 10:53 B D:\Life\Buddha\Web_Pages\newrain\2007_0926_Rain_suspended\support\Dhamma-Rain\Suspended-Files\pali-tipitaka-f1\2-Majjhimanikaya\M-2-Majjhimapanna.doc --> www.dhammarain.org.tw /canon/pali-tipitaka-f1/2-Majjhimanikaya/ M-2-Majjhimapanna.doc
107.10.20 10:54 B D:\Life\Buddha\Web_Pages\newrain\2007_0926_Rain_suspended\support\Dhamma-Rain\Suspended-Files\pali-tipitaka-f1\2-Majjhimanikaya\M-2-Majjhimapannasa-atthakatha.doc --> www.dhammarain.org.tw /canon/pali-tipitaka-f1/2-Majjhimanikaya/ M-2-Majjhimapannasa-atthakatha.doc
107.10.20 10:54 B D:\Life\Buddha\Web_Pages\newrain\2007_0926_Rain_suspended\support\Dhamma-Rain\Suspended-Files\pali-tipitaka-f1\2-Majjhimanikaya\M-3-Uparipannasa-atthakatha.doc --> www.dhammarain.org.tw /canon/pali-tipitaka-f1/2-Majjhimanikaya/ M-3-Uparipannasa-atthakatha.doc
107.10.20 10:55 B D:\Life\Buddha\Web_Pages\newrain\2007_0926_Rain_suspended\support\Dhamma-Rain\Suspended-Files\pali-tipitaka-f1\2-Majjhimanikaya\M-3-Uparipannasa.doc --> www.dhammarain.org.tw /canon/pali-tipitaka-f1/2-Majjhimanikaya/ M-3-Uparipannasa.doc
107.10.20 10:55 B D:\Life\Buddha\Web_Pages\newrain\2007_0926_Rain_suspended\support\Dhamma-Rain\Suspended-Files\pali-tipitaka-f1\2-Majjhimanikaya\M-A-table.doc --> www.dhammarain.org.tw /canon/pali-tipitaka-f1/2-Majjhimanikaya/ M-A-table.doc
107.10.20 10:55 B D:\Life\Buddha\Web_Pages\newrain\2007_0926_Rain_suspended\support\Dhamma-Rain\Suspended-Files\pali-tipitaka-f1\2-Majjhimanikaya\M-vs-M.doc --> www.dhammarain.org.tw /canon/pali-tipitaka-f1/2-Majjhimanikaya/ M-vs-M.doc
107.10.20 10:57 B D:\Life\Buddha\Web_Pages\newrain\2007_0926_Rain_suspended\support\Dhamma-Rain\Suspended-Files\pali-tipitaka-f1\2-Majjhimanikaya\Majjhima-PTS.doc --> www.dhammarain.org.tw /canon/pali-tipitaka-f1/2-Majjhimanikaya/ Majjhima-PTS.doc
107.10.20 11:00 B D:\Life\Buddha\Web_Pages\newrain\2007_0926_Rain_suspended\support\Dhamma-Rain\Suspended-Files\pali-tipitaka-f1\2-Majjhimanikaya\Majjhimanikaya-atthakatha.doc --> www.dhammarain.org.tw /canon/pali-tipitaka-f1/2-Majjhimanikaya/ Majjhimanikaya-atthakatha.doc
107.10.20 11:02 B D:\Life\Buddha\Web_Pages\newrain\2007_0926_Rain_suspended\support\Dhamma-Rain\Suspended-Files\pali-tipitaka-f1\2-Majjhimanikaya\Majjhimanikaya-tika.doc --> www.dhammarain.org.tw /canon/pali-tipitaka-f1/2-Majjhimanikaya/ Majjhimanikaya-tika.doc
107.10.20 11:10 B D:\Life\Buddha\Web_Pages\newrain\2007_0926_Rain_suspended\support\Dhamma-Rain\Suspended-Files\pali-tipitaka-f1\2-Majjhimanikaya\Majjhimanikayo.doc --> www.dhammarain.org.tw /canon/pali-tipitaka-f1/2-Majjhimanikaya/ Majjhimanikayo.doc
107.10.20 11:12 B D:\Life\Buddha\Web_Pages\newrain\2007_0926_Rain_suspended\support\Dhamma-Rain\Suspended-Files\pali-tipitaka-f1\2-Majjhimanikaya\p-n-MN.doc --> www.dhammarain.org.tw /canon/pali-tipitaka-f1/2-Majjhimanikaya/ p-n-MN.doc
107.10.20 11:13 B D:\Life\Buddha\Web_Pages\newrain\2007_0926_Rain_suspended\support\Dhamma-Rain\Suspended-Files\pali-tipitaka-f1\2-Majjhimanikaya\Satipatthana-n-com.doc --> www.dhammarain.org.tw /canon/pali-tipitaka-f1/2-Majjhimanikaya/ Satipatthana-n-com.doc
107.10.20 11:13 B D:\Life\Buddha\Web_Pages\newrain\2007_0926_Rain_suspended\support\Dhamma-Rain\Suspended-Files\pali-tipitaka-f1\2-Majjhimanikaya\±¶®| -  Majjhimanikaya-pu-vi.doc.lnk --> www.dhammarain.org.tw /canon/pali-tipitaka-f1/2-Majjhimanikaya/ ±¶®| -  Majjhimanikaya-pu-vi.doc.lnk
